<?xml version="1.0" encoding="UTF-8"?>
<testng-results ignored="0" total="4" passed="4" failed="0" skipped="0">
  <reporter-output>
  </reporter-output>
  <suite started-at="2024-08-04T22:53:39 IST" name="Default suite" finished-at="2024-08-04T22:54:50 IST" duration-ms="71216">
    <groups>
    </groups>
    <test started-at="2024-08-04T22:53:39 IST" name="Default test" finished-at="2024-08-04T22:54:50 IST" duration-ms="71216">
      <class name="logintest.LoginTest">
        <test-method is-config="true" signature="setUp()[pri:0, instance:logintest.LoginTest@752325ad]" started-at="2024-08-04T22:53:39 IST" name="setUp" finished-at="2024-08-04T22:53:43 IST" duration-ms="3734" status="PASS">
          <reporter-output>
          </reporter-output>
        </test-method> <!-- setUp -->
        <test-method signature="successfulLogin()[pri:1, instance:logintest.LoginTest@752325ad]" started-at="2024-08-04T22:53:43 IST" name="successfulLogin" finished-at="2024-08-04T22:53:59 IST" duration-ms="16574" status="PASS">
          <reporter-output>
          </reporter-output>
        </test-method> <!-- successfulLogin -->
        <test-method is-config="true" signature="tearDown()[pri:0, instance:logintest.LoginTest@752325ad]" started-at="2024-08-04T22:53:59 IST" name="tearDown" finished-at="2024-08-04T22:54:00 IST" duration-ms="901" status="PASS">
          <reporter-output>
          </reporter-output>
        </test-method> <!-- tearDown -->
        <test-method is-config="true" signature="setUp()[pri:0, instance:logintest.LoginTest@752325ad]" started-at="2024-08-04T22:54:00 IST" name="setUp" finished-at="2024-08-04T22:54:02 IST" duration-ms="1898" status="PASS">
          <reporter-output>
          </reporter-output>
        </test-method> <!-- setUp -->
        <test-method signature="invalidCredentials()[pri:2, instance:logintest.LoginTest@752325ad]" started-at="2024-08-04T22:54:02 IST" name="invalidCredentials" finished-at="2024-08-04T22:54:15 IST" duration-ms="13012" status="PASS">
          <reporter-output>
          </reporter-output>
        </test-method> <!-- invalidCredentials -->
        <test-method is-config="true" signature="tearDown()[pri:0, instance:logintest.LoginTest@752325ad]" started-at="2024-08-04T22:54:15 IST" name="tearDown" finished-at="2024-08-04T22:54:16 IST" duration-ms="816" status="PASS">
          <reporter-output>
          </reporter-output>
        </test-method> <!-- tearDown -->
        <test-method is-config="true" signature="setUp()[pri:0, instance:logintest.LoginTest@752325ad]" started-at="2024-08-04T22:54:16 IST" name="setUp" finished-at="2024-08-04T22:54:18 IST" duration-ms="1702" status="PASS">
          <reporter-output>
          </reporter-output>
        </test-method> <!-- setUp -->
        <test-method signature="emptyCredentials()[pri:3, instance:logintest.LoginTest@752325ad]" started-at="2024-08-04T22:54:18 IST" name="emptyCredentials" finished-at="2024-08-04T22:54:32 IST" duration-ms="14497" status="PASS">
          <reporter-output>
          </reporter-output>
        </test-method> <!-- emptyCredentials -->
        <test-method is-config="true" signature="tearDown()[pri:0, instance:logintest.LoginTest@752325ad]" started-at="2024-08-04T22:54:32 IST" name="tearDown" finished-at="2024-08-04T22:54:34 IST" duration-ms="1777" status="PASS">
          <reporter-output>
          </reporter-output>
        </test-method> <!-- tearDown -->
        <test-method is-config="true" signature="setUp()[pri:0, instance:logintest.LoginTest@752325ad]" started-at="2024-08-04T22:54:34 IST" name="setUp" finished-at="2024-08-04T22:54:36 IST" duration-ms="1708" status="PASS">
          <reporter-output>
          </reporter-output>
        </test-method> <!-- setUp -->
        <test-method signature="emailFormatValidation()[pri:4, instance:logintest.LoginTest@752325ad]" started-at="2024-08-04T22:54:36 IST" name="emailFormatValidation" finished-at="2024-08-04T22:54:49 IST" duration-ms="13063" status="PASS">
          <reporter-output>
          </reporter-output>
        </test-method> <!-- emailFormatValidation -->
        <test-method is-config="true" signature="tearDown()[pri:0, instance:logintest.LoginTest@752325ad]" started-at="2024-08-04T22:54:49 IST" name="tearDown" finished-at="2024-08-04T22:54:50 IST" duration-ms="1407" status="PASS">
          <reporter-output>
          </reporter-output>
        </test-method> <!-- tearDown -->
      </class> <!-- logintest.LoginTest -->
    </test> <!-- Default test -->
  </suite> <!-- Default suite -->
</testng-results>
