<?xml version="1.0" encoding="UTF-8"?>
<!-- Generated by org.testng.reporters.JUnitXMLReporter -->
<testsuite ignored="0" hostname="DESKTOP-HB5T66P" failures="0" tests="4" name="Default test" time="71.216" errors="0" timestamp="2024-08-04T22:54:50 IST">
  <testcase classname="logintest.LoginTest" name="successfulLogin" time="16.574"/>
  <testcase classname="logintest.LoginTest" name="invalidCredentials" time="13.012"/>
  <testcase classname="logintest.LoginTest" name="emptyCredentials" time="14.497"/>
  <testcase classname="logintest.LoginTest" name="emailFormatValidation" time="13.063"/>
</testsuite> <!-- Default test -->
